../Bin/Debug\NiUserTracker.ilk
../Bin/Debug\NiUserTracker.pdb
\\VMWARE-HOST\SHARED FOLDERS\TMP\KINECT-CLOTHES\SAMPLES\BIN\DEBUG\NIUSERTRACKER.PDB
\\VMWARE-HOST\SHARED FOLDERS\TMP\KINECT-CLOTHES\SAMPLES\NIUSERTRACKER\DEBUG\MAIN.OBJ
\\VMWARE-HOST\SHARED FOLDERS\TMP\KINECT-CLOTHES\SAMPLES\NIUSERTRACKER\DEBUG\NIUSERTRACKER.EXE.EMBED.MANIFEST.RES
\\VMWARE-HOST\SHARED FOLDERS\TMP\KINECT-CLOTHES\SAMPLES\NIUSERTRACKER\DEBUG\OPENNI.RES
\\VMWARE-HOST\SHARED FOLDERS\TMP\KINECT-CLOTHES\SAMPLES\NIUSERTRACKER\DEBUG\SCENEDRAWER.OBJ
\\VMWARE-HOST\SHARED FOLDERS\TMP\KINECT-CLOTHES\SAMPLES\NIUSERTRACKER\DEBUG\VC100.PDB
C:\DOCUMENTS AND SETTINGS\ADMINISTRATOR.FSTO-FE1D070F89\MY DOCUMENTS\VISUAL STUDIO 2010\PROJECTS\KINECT-CLOTHES\SAMPLES\BIN\DEBUG\NIUSERTRACKER.EXE
C:\DOCUMENTS AND SETTINGS\ADMINISTRATOR.FSTO-FE1D070F89\MY DOCUMENTS\VISUAL STUDIO 2010\PROJECTS\KINECT-CLOTHES\SAMPLES\BIN\DEBUG\NIUSERTRACKER.ILK
C:\DOCUMENTS AND SETTINGS\ADMINISTRATOR.FSTO-FE1D070F89\MY DOCUMENTS\VISUAL STUDIO 2010\PROJECTS\KINECT-CLOTHES\SAMPLES\BIN\DEBUG\NIUSERTRACKER.PDB
C:\Documents and Settings\Administrator.FSTO-FE1D070F89\My Documents\Visual Studio 2010\Projects\kinect-clothes\Samples\NiUserTracker\../Bin/Debug\NiUserTracker.exe
C:\Documents and Settings\Administrator.FSTO-FE1D070F89\My Documents\Visual Studio 2010\Projects\kinect-clothes\Samples\NiUserTracker\Debug\cl.command.1.tlog
C:\Documents and Settings\Administrator.FSTO-FE1D070F89\My Documents\Visual Studio 2010\Projects\kinect-clothes\Samples\NiUserTracker\Debug\CL.read.1.tlog
C:\Documents and Settings\Administrator.FSTO-FE1D070F89\My Documents\Visual Studio 2010\Projects\kinect-clothes\Samples\NiUserTracker\Debug\CL.write.1.tlog
C:\Documents and Settings\Administrator.FSTO-FE1D070F89\My Documents\Visual Studio 2010\Projects\kinect-clothes\Samples\NiUserTracker\Debug\link.command.1.tlog
C:\Documents and Settings\Administrator.FSTO-FE1D070F89\My Documents\Visual Studio 2010\Projects\kinect-clothes\Samples\NiUserTracker\Debug\link.read.1.tlog
C:\Documents and Settings\Administrator.FSTO-FE1D070F89\My Documents\Visual Studio 2010\Projects\kinect-clothes\Samples\NiUserTracker\Debug\link.write.1.tlog
C:\Documents and Settings\Administrator.FSTO-FE1D070F89\My Documents\Visual Studio 2010\Projects\kinect-clothes\Samples\NiUserTracker\Debug\link-cvtres.read.1.tlog
C:\Documents and Settings\Administrator.FSTO-FE1D070F89\My Documents\Visual Studio 2010\Projects\kinect-clothes\Samples\NiUserTracker\Debug\link-cvtres.write.1.tlog
C:\DOCUMENTS AND SETTINGS\ADMINISTRATOR.FSTO-FE1D070F89\MY DOCUMENTS\VISUAL STUDIO 2010\PROJECTS\KINECT-CLOTHES\SAMPLES\NIUSERTRACKER\DEBUG\MAIN.OBJ
C:\Documents and Settings\Administrator.FSTO-FE1D070F89\My Documents\Visual Studio 2010\Projects\kinect-clothes\Samples\NiUserTracker\Debug\mt.command.1.tlog
C:\Documents and Settings\Administrator.FSTO-FE1D070F89\My Documents\Visual Studio 2010\Projects\kinect-clothes\Samples\NiUserTracker\Debug\mt.read.1.tlog
C:\Documents and Settings\Administrator.FSTO-FE1D070F89\My Documents\Visual Studio 2010\Projects\kinect-clothes\Samples\NiUserTracker\Debug\mt.write.1.tlog
C:\Documents and Settings\Administrator.FSTO-FE1D070F89\My Documents\Visual Studio 2010\Projects\kinect-clothes\Samples\NiUserTracker\Debug\NiUserTracker.exe.embed.manifest
C:\DOCUMENTS AND SETTINGS\ADMINISTRATOR.FSTO-FE1D070F89\MY DOCUMENTS\VISUAL STUDIO 2010\PROJECTS\KINECT-CLOTHES\SAMPLES\NIUSERTRACKER\DEBUG\NIUSERTRACKER.EXE.EMBED.MANIFEST.RES
C:\DOCUMENTS AND SETTINGS\ADMINISTRATOR.FSTO-FE1D070F89\MY DOCUMENTS\VISUAL STUDIO 2010\PROJECTS\KINECT-CLOTHES\SAMPLES\NIUSERTRACKER\DEBUG\NIUSERTRACKER.EXE.INTERMEDIATE.MANIFEST
C:\Documents and Settings\Administrator.FSTO-FE1D070F89\My Documents\Visual Studio 2010\Projects\kinect-clothes\Samples\NiUserTracker\Debug\NiUserTracker_manifest.rc
C:\DOCUMENTS AND SETTINGS\ADMINISTRATOR.FSTO-FE1D070F89\MY DOCUMENTS\VISUAL STUDIO 2010\PROJECTS\KINECT-CLOTHES\SAMPLES\NIUSERTRACKER\DEBUG\OPENNI.RES
C:\Documents and Settings\Administrator.FSTO-FE1D070F89\My Documents\Visual Studio 2010\Projects\kinect-clothes\Samples\NiUserTracker\Debug\rc.command.1.tlog
C:\Documents and Settings\Administrator.FSTO-FE1D070F89\My Documents\Visual Studio 2010\Projects\kinect-clothes\Samples\NiUserTracker\Debug\rc.read.1.tlog
C:\Documents and Settings\Administrator.FSTO-FE1D070F89\My Documents\Visual Studio 2010\Projects\kinect-clothes\Samples\NiUserTracker\Debug\rc.write.1.tlog
C:\Documents and Settings\Administrator.FSTO-FE1D070F89\My Documents\Visual Studio 2010\Projects\kinect-clothes\Samples\NiUserTracker\Debug\SamplesConfig.xml
C:\DOCUMENTS AND SETTINGS\ADMINISTRATOR.FSTO-FE1D070F89\MY DOCUMENTS\VISUAL STUDIO 2010\PROJECTS\KINECT-CLOTHES\SAMPLES\NIUSERTRACKER\DEBUG\SCENEDRAWER.OBJ
C:\Documents and Settings\Administrator.FSTO-FE1D070F89\My Documents\Visual Studio 2010\Projects\kinect-clothes\Samples\NiUserTracker\Debug\vc100.idb
C:\DOCUMENTS AND SETTINGS\ADMINISTRATOR.FSTO-FE1D070F89\MY DOCUMENTS\VISUAL STUDIO 2010\PROJECTS\KINECT-CLOTHES\SAMPLES\NIUSERTRACKER\DEBUG\VC100.PDB
C:\PROGRAM FILES (X86)\OPENNI\SAMPLES\BIN\DEBUG\NIUSERTRACKER.EXE
C:\PROGRAM FILES (X86)\OPENNI\SAMPLES\BIN\DEBUG\NIUSERTRACKER.ILK
C:\PROGRAM FILES (X86)\OPENNI\SAMPLES\BIN\DEBUG\NIUSERTRACKER.PDB
C:\PROGRAM FILES (X86)\OPENNI\SAMPLES\NIUSERTRACKER\DEBUG\MAIN.OBJ
C:\PROGRAM FILES (X86)\OPENNI\SAMPLES\NIUSERTRACKER\DEBUG\NIUSERTRACKER.EXE.EMBED.MANIFEST
C:\PROGRAM FILES (X86)\OPENNI\SAMPLES\NIUSERTRACKER\DEBUG\NIUSERTRACKER.EXE.EMBED.MANIFEST.RES
C:\PROGRAM FILES (X86)\OPENNI\SAMPLES\NIUSERTRACKER\DEBUG\NIUSERTRACKER.EXE.INTERMEDIATE.MANIFEST
C:\PROGRAM FILES (X86)\OPENNI\SAMPLES\NIUSERTRACKER\DEBUG\OPENNI.RES
C:\PROGRAM FILES (X86)\OPENNI\SAMPLES\NIUSERTRACKER\DEBUG\SCENEDRAWER.OBJ
C:\PROGRAM FILES (X86)\OPENNI\SAMPLES\NIUSERTRACKER\DEBUG\VC100.PDB
C:\USERS\FREDRIK\DOCUMENTS\VISUAL STUDIO 2010\PROJECTS\CLOTHES\SAMPLES\BIN\DEBUG\NIUSERTRACKER.EXE
C:\USERS\FREDRIK\DOCUMENTS\VISUAL STUDIO 2010\PROJECTS\CLOTHES\SAMPLES\BIN\DEBUG\NIUSERTRACKER.ILK
C:\USERS\FREDRIK\DOCUMENTS\VISUAL STUDIO 2010\PROJECTS\CLOTHES\SAMPLES\BIN\DEBUG\NIUSERTRACKER.PDB
C:\USERS\FREDRIK\DOCUMENTS\VISUAL STUDIO 2010\PROJECTS\CLOTHES\SAMPLES\NIUSERTRACKER\DEBUG\MAIN.OBJ
C:\USERS\FREDRIK\DOCUMENTS\VISUAL STUDIO 2010\PROJECTS\CLOTHES\SAMPLES\NIUSERTRACKER\DEBUG\NIUSERTRACKER.EXE.EMBED.MANIFEST.RES
C:\USERS\FREDRIK\DOCUMENTS\VISUAL STUDIO 2010\PROJECTS\CLOTHES\SAMPLES\NIUSERTRACKER\DEBUG\NIUSERTRACKER.EXE.INTERMEDIATE.MANIFEST
C:\USERS\FREDRIK\DOCUMENTS\VISUAL STUDIO 2010\PROJECTS\CLOTHES\SAMPLES\NIUSERTRACKER\DEBUG\OPENNI.RES
C:\USERS\FREDRIK\DOCUMENTS\VISUAL STUDIO 2010\PROJECTS\CLOTHES\SAMPLES\NIUSERTRACKER\DEBUG\SCENEDRAWER.OBJ
C:\USERS\FREDRIK\DOCUMENTS\VISUAL STUDIO 2010\PROJECTS\CLOTHES\SAMPLES\NIUSERTRACKER\DEBUG\VC100.PDB
