Build started 3/3/2011 3:54:59 PM.
Project "C:\Documents and Settings\Administrator.FSTO-FE1D070F89\My Documents\Visual Studio 2010\Projects\kinect-clothes\Samples\NiViewer\NiViewer_2010.vcxproj" on node 2 (rebuild target(s)).
InitializeBuildStatus:
  Creating "Release\NiViewer.unsuccessfulbuild" because "AlwaysCreate" was specified.
ClCompile:
  C:\Program Files\Microsoft Visual Studio 10.0\VC\bin\CL.exe /c /I../../Include /I../../Samples/NiViewer /Zi /nologo /W3 /WX- /O2 /Ob2 /Oi /Ot /Oy /GL /D WIN32 /D NDEBUG /D _CONSOLE /D _MBCS /Gm- /EHa /MD /GS- /arch:SSE2 /fp:fast /Zc:wchar_t /Zc:forScope /Fo"Release\\" /Fd"Release\vc100.pdb" /Gd /TP /analyze- /errorReport:prompt Audio.cpp Capture.cpp Device.cpp Draw.cpp Keyboard.cpp Menu.cpp MouseInput.cpp NiViewer.cpp Statistics.cpp
  Audio.cpp
  Capture.cpp
  Device.cpp
  Draw.cpp
  Keyboard.cpp
  Menu.cpp
  MouseInput.cpp
  NiViewer.cpp
C:\Documents and Settings\Administrator.FSTO-FE1D070F89\My Documents\Visual Studio 2010\Projects\kinect-clothes\Samples\NiViewer\glh/glh_extensions.h(189): warning C4996: 'strdup': The POSIX name for this item is deprecated. Instead, use the ISO C++ conformant name: _strdup. See online help for details.
          C:\Program Files\Microsoft Visual Studio 10.0\VC\include\string.h(238) : see declaration of 'strdup'
  Statistics.cpp
ResourceCompile:
  C:\Program Files\Microsoft SDKs\Windows\v7.0A\bin\rc.exe /l"0x0409" /I..\..\Include /nologo /fo"Release\OpenNI.res" ..\Res\OpenNI.rc 
Link:
  C:\Program Files\Microsoft Visual Studio 10.0\VC\bin\link.exe /ERRORREPORT:PROMPT /OUT:"../Bin/Release\NiViewer.exe" /INCREMENTAL:NO /NOLOGO /LIBPATH:../../Lib/Release /LIBPATH:../../Lib/ /LIBPATH:../../Samples/NiViewer/Libs openNI.lib kernel32.lib user32.lib gdi32.lib winspool.lib comdlg32.lib advapi32.lib shell32.lib ole32.lib oleaut32.lib uuid.lib odbc32.lib odbccp32.lib /MANIFEST /ManifestFile:"Release\NiViewer.exe.intermediate.manifest" /MANIFESTUAC:"level='asInvoker' uiAccess='false'" /DEBUG /PDB:"../Bin/Release/NiViewer.pdb" /SUBSYSTEM:CONSOLE /OPT:REF /OPT:ICF /LTCG /TLBID:1 /DYNAMICBASE /NXCOMPAT /IMPLIB:"C:\Documents and Settings\Administrator.FSTO-FE1D070F89\My Documents\Visual Studio 2010\Projects\kinect-clothes\Samples\Bin\Release\NiViewer.lib" /MACHINE:X86 Release\OpenNI.res
  Release\Audio.obj
  Release\Capture.obj
  Release\Device.obj
  Release\Draw.obj
  Release\Keyboard.obj
  Release\Menu.obj
  Release\MouseInput.obj
  Release\NiViewer.obj
  Release\Statistics.obj
  Generating code
  Finished generating code
  NiViewer_2010.vcxproj -> C:\Documents and Settings\Administrator.FSTO-FE1D070F89\My Documents\Visual Studio 2010\Projects\kinect-clothes\Samples\NiViewer\../Bin/Release\NiViewer.exe
Manifest:
  C:\Program Files\Microsoft SDKs\Windows\v7.0A\bin\mt.exe /nologo /verbose /outputresource:"../Bin/Release\NiViewer.exe;#1" /manifest Release\NiViewer.exe.intermediate.manifest
FinalizeBuildStatus:
  Deleting file "Release\NiViewer.unsuccessfulbuild".
  Touching "Release\NiViewer.lastbuildstate".
Done Building Project "C:\Documents and Settings\Administrator.FSTO-FE1D070F89\My Documents\Visual Studio 2010\Projects\kinect-clothes\Samples\NiViewer\NiViewer_2010.vcxproj" (rebuild target(s)).

Build succeeded.

Time Elapsed 00:00:11.93
