Build started 3/3/2011 3:53:17 PM.
Project "C:\Documents and Settings\Administrator.FSTO-FE1D070F89\My Documents\Visual Studio 2010\Projects\kinect-clothes\Samples\NiSimpleRead\NiSimpleRead_2010.vcxproj" on node 2 (rebuild target(s)).
InitializeBuildStatus:
  Creating "Release\NiSimpleRead.unsuccessfulbuild" because "AlwaysCreate" was specified.
ClCompile:
  C:\Program Files\Microsoft Visual Studio 10.0\VC\bin\CL.exe /c /I../../Include /Zi /nologo /W3 /WX- /O2 /Ob2 /Oi /Ot /Oy /GL /D WIN32 /D NDEBUG /D _CONSOLE /D _UNICODE /D UNICODE /Gm- /EHsc /MD /GS- /arch:SSE2 /fp:fast /Zc:wchar_t /Zc:forScope /Fo"Release\\" /Fd"Release\vc100.pdb" /Gd /TP /analyze- /errorReport:prompt NiSimpleRead.cpp
  NiSimpleRead.cpp
ResourceCompile:
  C:\Program Files\Microsoft SDKs\Windows\v7.0A\bin\rc.exe /D _UNICODE /D UNICODE /l"0x0409" /I..\..\Include /nologo /fo"Release\OpenNI.res" ..\Res\OpenNI.rc 
Link:
  C:\Program Files\Microsoft Visual Studio 10.0\VC\bin\link.exe /ERRORREPORT:PROMPT /OUT:"../Bin/Release\NiSimpleRead.exe" /INCREMENTAL:NO /NOLOGO /LIBPATH:../../Lib/Release /LIBPATH:../../Lib/ openNI.lib kernel32.lib user32.lib gdi32.lib winspool.lib comdlg32.lib advapi32.lib shell32.lib ole32.lib oleaut32.lib uuid.lib odbc32.lib odbccp32.lib /MANIFEST /ManifestFile:"Release\NiSimpleRead.exe.intermediate.manifest" /MANIFESTUAC:"level='asInvoker' uiAccess='false'" /DEBUG /PDB:"../Bin/Release/NiSimpleRead.pdb" /SUBSYSTEM:CONSOLE /OPT:REF /OPT:ICF /LTCG /TLBID:1 /DYNAMICBASE /NXCOMPAT /IMPLIB:"../Bin/Release\NiSimpleRead.lib" /MACHINE:X86 Release\OpenNI.res
  Release\NiSimpleRead.obj
  Generating code
  Finished generating code
  NiSimpleRead_2010.vcxproj -> C:\Documents and Settings\Administrator.FSTO-FE1D070F89\My Documents\Visual Studio 2010\Projects\kinect-clothes\Samples\NiSimpleRead\../Bin/Release\NiSimpleRead.exe
Manifest:
  C:\Program Files\Microsoft SDKs\Windows\v7.0A\bin\mt.exe /nologo /verbose /outputresource:"../Bin/Release\NiSimpleRead.exe;#1" /manifest Release\NiSimpleRead.exe.intermediate.manifest
FinalizeBuildStatus:
  Deleting file "Release\NiSimpleRead.unsuccessfulbuild".
  Touching "Release\NiSimpleRead.lastbuildstate".
Done Building Project "C:\Documents and Settings\Administrator.FSTO-FE1D070F89\My Documents\Visual Studio 2010\Projects\kinect-clothes\Samples\NiSimpleRead\NiSimpleRead_2010.vcxproj" (rebuild target(s)).

Build succeeded.

Time Elapsed 00:00:09.57
