../Bin/Debug\NiViewer.ilk
../Bin/Debug\NiViewer.pdb
\\VMWARE-HOST\SHARED FOLDERS\TMP\KINECT-CLOTHES\SAMPLES\BIN\DEBUG\NIVIEWER.EXE
\\VMWARE-HOST\SHARED FOLDERS\TMP\KINECT-CLOTHES\SAMPLES\BIN\DEBUG\NIVIEWER.ILK
\\VMWARE-HOST\SHARED FOLDERS\TMP\KINECT-CLOTHES\SAMPLES\BIN\DEBUG\NIVIEWER.PDB
\\VMWARE-HOST\SHARED FOLDERS\TMP\KINECT-CLOTHES\SAMPLES\NIVIEWER\DEBUG\AUDIO.OBJ
\\VMWARE-HOST\SHARED FOLDERS\TMP\KINECT-CLOTHES\SAMPLES\NIVIEWER\DEBUG\CAPTURE.OBJ
\\VMWARE-HOST\SHARED FOLDERS\TMP\KINECT-CLOTHES\SAMPLES\NIVIEWER\DEBUG\DEVICE.OBJ
\\VMWARE-HOST\SHARED FOLDERS\TMP\KINECT-CLOTHES\SAMPLES\NIVIEWER\DEBUG\DRAW.OBJ
\\VMWARE-HOST\SHARED FOLDERS\TMP\KINECT-CLOTHES\SAMPLES\NIVIEWER\DEBUG\KEYBOARD.OBJ
\\VMWARE-HOST\SHARED FOLDERS\TMP\KINECT-CLOTHES\SAMPLES\NIVIEWER\DEBUG\MENU.OBJ
\\VMWARE-HOST\SHARED FOLDERS\TMP\KINECT-CLOTHES\SAMPLES\NIVIEWER\DEBUG\MOUSEINPUT.OBJ
\\VMWARE-HOST\SHARED FOLDERS\TMP\KINECT-CLOTHES\SAMPLES\NIVIEWER\DEBUG\NIVIEWER.EXE.EMBED.MANIFEST.RES
\\VMWARE-HOST\SHARED FOLDERS\TMP\KINECT-CLOTHES\SAMPLES\NIVIEWER\DEBUG\NIVIEWER.EXE.INTERMEDIATE.MANIFEST
\\VMWARE-HOST\SHARED FOLDERS\TMP\KINECT-CLOTHES\SAMPLES\NIVIEWER\DEBUG\NIVIEWER.OBJ
\\VMWARE-HOST\SHARED FOLDERS\TMP\KINECT-CLOTHES\SAMPLES\NIVIEWER\DEBUG\OPENNI.RES
\\VMWARE-HOST\SHARED FOLDERS\TMP\KINECT-CLOTHES\SAMPLES\NIVIEWER\DEBUG\STATISTICS.OBJ
\\VMWARE-HOST\SHARED FOLDERS\TMP\KINECT-CLOTHES\SAMPLES\NIVIEWER\DEBUG\VC100.PDB
C:\USERS\FREDRIK\DOCUMENTS\KINECT\KINECT-CLOTHES\SAMPLES\BIN\DEBUG\NIVIEWER.EXE
C:\USERS\FREDRIK\DOCUMENTS\KINECT\KINECT-CLOTHES\SAMPLES\BIN\DEBUG\NIVIEWER.ILK
C:\USERS\FREDRIK\DOCUMENTS\KINECT\KINECT-CLOTHES\SAMPLES\BIN\DEBUG\NIVIEWER.PDB
C:\Users\Fredrik\Documents\kinect\Kinect-Clothes\Samples\NiViewer\../Bin/Debug\NiViewer.exe
C:\USERS\FREDRIK\DOCUMENTS\KINECT\KINECT-CLOTHES\SAMPLES\NIVIEWER\DEBUG\AUDIO.OBJ
C:\USERS\FREDRIK\DOCUMENTS\KINECT\KINECT-CLOTHES\SAMPLES\NIVIEWER\DEBUG\CAPTURE.OBJ
C:\Users\Fredrik\Documents\kinect\Kinect-Clothes\Samples\NiViewer\Debug\cl.command.1.tlog
C:\Users\Fredrik\Documents\kinect\Kinect-Clothes\Samples\NiViewer\Debug\CL.read.1.tlog
C:\Users\Fredrik\Documents\kinect\Kinect-Clothes\Samples\NiViewer\Debug\CL.write.1.tlog
C:\USERS\FREDRIK\DOCUMENTS\KINECT\KINECT-CLOTHES\SAMPLES\NIVIEWER\DEBUG\DEVICE.OBJ
C:\USERS\FREDRIK\DOCUMENTS\KINECT\KINECT-CLOTHES\SAMPLES\NIVIEWER\DEBUG\DRAW.OBJ
C:\USERS\FREDRIK\DOCUMENTS\KINECT\KINECT-CLOTHES\SAMPLES\NIVIEWER\DEBUG\KEYBOARD.OBJ
C:\Users\Fredrik\Documents\kinect\Kinect-Clothes\Samples\NiViewer\Debug\link.command.1.tlog
C:\Users\Fredrik\Documents\kinect\Kinect-Clothes\Samples\NiViewer\Debug\link.read.1.tlog
C:\Users\Fredrik\Documents\kinect\Kinect-Clothes\Samples\NiViewer\Debug\link.write.1.tlog
C:\Users\Fredrik\Documents\kinect\Kinect-Clothes\Samples\NiViewer\Debug\link-cvtres.read.1.tlog
C:\Users\Fredrik\Documents\kinect\Kinect-Clothes\Samples\NiViewer\Debug\link-cvtres.write.1.tlog
C:\USERS\FREDRIK\DOCUMENTS\KINECT\KINECT-CLOTHES\SAMPLES\NIVIEWER\DEBUG\MENU.OBJ
C:\USERS\FREDRIK\DOCUMENTS\KINECT\KINECT-CLOTHES\SAMPLES\NIVIEWER\DEBUG\MOUSEINPUT.OBJ
C:\Users\Fredrik\Documents\kinect\Kinect-Clothes\Samples\NiViewer\Debug\mt.command.1.tlog
C:\Users\Fredrik\Documents\kinect\Kinect-Clothes\Samples\NiViewer\Debug\mt.read.1.tlog
C:\Users\Fredrik\Documents\kinect\Kinect-Clothes\Samples\NiViewer\Debug\mt.write.1.tlog
C:\Users\Fredrik\Documents\kinect\Kinect-Clothes\Samples\NiViewer\Debug\NiViewer.exe.embed.manifest
C:\USERS\FREDRIK\DOCUMENTS\KINECT\KINECT-CLOTHES\SAMPLES\NIVIEWER\DEBUG\NIVIEWER.EXE.EMBED.MANIFEST.RES
C:\USERS\FREDRIK\DOCUMENTS\KINECT\KINECT-CLOTHES\SAMPLES\NIVIEWER\DEBUG\NIVIEWER.EXE.INTERMEDIATE.MANIFEST
C:\USERS\FREDRIK\DOCUMENTS\KINECT\KINECT-CLOTHES\SAMPLES\NIVIEWER\DEBUG\NIVIEWER.OBJ
C:\Users\Fredrik\Documents\kinect\Kinect-Clothes\Samples\NiViewer\Debug\NiViewer_manifest.rc
C:\USERS\FREDRIK\DOCUMENTS\KINECT\KINECT-CLOTHES\SAMPLES\NIVIEWER\DEBUG\OPENNI.RES
C:\Users\Fredrik\Documents\kinect\Kinect-Clothes\Samples\NiViewer\Debug\rc.command.1.tlog
C:\Users\Fredrik\Documents\kinect\Kinect-Clothes\Samples\NiViewer\Debug\rc.read.1.tlog
C:\Users\Fredrik\Documents\kinect\Kinect-Clothes\Samples\NiViewer\Debug\rc.write.1.tlog
C:\USERS\FREDRIK\DOCUMENTS\KINECT\KINECT-CLOTHES\SAMPLES\NIVIEWER\DEBUG\STATISTICS.OBJ
C:\Users\Fredrik\Documents\kinect\Kinect-Clothes\Samples\NiViewer\Debug\vc100.idb
C:\USERS\FREDRIK\DOCUMENTS\KINECT\KINECT-CLOTHES\SAMPLES\NIVIEWER\DEBUG\VC100.PDB
C:\Users\Fredrik\Documents\kinect\Kinect-Clothes\Samples\NiViewer\Debug\vc90.idb
C:\Users\Fredrik\Documents\kinect\Kinect-Clothes\Samples\NiViewer\Debug\vc90.pdb
