Build started 3/3/2011 3:16:06 PM.
Project "\\vmware-host\Shared Folders\tmp\kinect-clothes\Samples\NiViewer\NiViewer_2010.vcxproj" on node 2 (build target(s)).
InitializeBuildStatus:
  Touching "Debug\NiViewer.unsuccessfulbuild".
ClCompile:
  All outputs are up-to-date.
ResourceCompile:
  C:\Program Files\Microsoft SDKs\Windows\v7.0A\bin\rc.exe /l"0x0409" /I..\..\Include /nologo /fo"Debug\OpenNI.res" ..\Res\OpenNI.rc 
ManifestResourceCompile:
  All outputs are up-to-date.
Link:
  C:\Program Files\Microsoft Visual Studio 10.0\VC\bin\link.exe /ERRORREPORT:PROMPT /OUT:"../Bin/Debug\NiViewer.exe" /INCREMENTAL /NOLOGO /LIBPATH:../../Lib/Debug /LIBPATH:../../Lib/ /LIBPATH:../../Samples/NiViewer/Libs openNI.lib kernel32.lib user32.lib gdi32.lib winspool.lib comdlg32.lib advapi32.lib shell32.lib ole32.lib oleaut32.lib uuid.lib odbc32.lib odbccp32.lib /MANIFEST /ManifestFile:"Debug\NiViewer.exe.intermediate.manifest" /MANIFESTUAC:"level='asInvoker' uiAccess='false'" /DEBUG /PDB:"../Bin/Debug/NiViewer.pdb" /SUBSYSTEM:CONSOLE /TLBID:1 /DYNAMICBASE /NXCOMPAT /IMPLIB:"../Bin/Debug\NiViewer.lib" /MACHINE:X86 Debug\OpenNI.res
  Debug\NiViewer.exe.embed.manifest.res
  Debug\Audio.obj
  Debug\Capture.obj
  Debug\Device.obj
  Debug\Draw.obj
  Debug\Keyboard.obj
  Debug\Menu.obj
  Debug\MouseInput.obj
  Debug\NiViewer.obj
  Debug\Statistics.obj
Manifest:
  C:\Program Files\Microsoft SDKs\Windows\v7.0A\bin\mt.exe /nologo /verbose /out:"Debug\NiViewer.exe.embed.manifest" /manifest Debug\NiViewer.exe.intermediate.manifest
  
mt.exe : general error c101008a: Failed to save the updated manifest to the file "Debug\NiViewer.exe.embed.manifest". The parameter is incorrect.
  
Done Building Project "\\vmware-host\Shared Folders\tmp\kinect-clothes\Samples\NiViewer\NiViewer_2010.vcxproj" (build target(s)) -- FAILED.

Build FAILED.

Time Elapsed 00:00:02.90
