C:\Users\Fredrik\Documents\kinect\Kinect-Clothes\Clothes\Debug\cl.command.1.tlog
C:\Users\Fredrik\Documents\kinect\Kinect-Clothes\Clothes\Debug\CL.read.1.tlog
C:\Users\Fredrik\Documents\kinect\Kinect-Clothes\Clothes\Debug\CL.write.1.tlog
C:\USERS\FREDRIK\DOCUMENTS\KINECT\KINECT-CLOTHES\CLOTHES\DEBUG\GARMENT.OBJ
C:\USERS\FREDRIK\DOCUMENTS\KINECT\KINECT-CLOTHES\CLOTHES\DEBUG\KINECT-CLOTHES.EXE
C:\USERS\FREDRIK\DOCUMENTS\KINECT\KINECT-CLOTHES\CLOTHES\DEBUG\KINECT-CLOTHES.EXE.INTERMEDIATE.MANIFEST
C:\USERS\FREDRIK\DOCUMENTS\KINECT\KINECT-CLOTHES\CLOTHES\DEBUG\KINECT-CLOTHES.ILK
C:\USERS\FREDRIK\DOCUMENTS\KINECT\KINECT-CLOTHES\CLOTHES\DEBUG\KINECT-CLOTHES.PDB
C:\Users\Fredrik\Documents\kinect\Kinect-Clothes\Clothes\Debug\link.command.1.tlog
C:\Users\Fredrik\Documents\kinect\Kinect-Clothes\Clothes\Debug\link.read.1.tlog
C:\Users\Fredrik\Documents\kinect\Kinect-Clothes\Clothes\Debug\link.write.1.tlog
C:\USERS\FREDRIK\DOCUMENTS\KINECT\KINECT-CLOTHES\CLOTHES\DEBUG\MAIN.OBJ
C:\Users\Fredrik\Documents\kinect\Kinect-Clothes\Clothes\Debug\mt.command.1.tlog
C:\Users\Fredrik\Documents\kinect\Kinect-Clothes\Clothes\Debug\mt.read.1.tlog
C:\Users\Fredrik\Documents\kinect\Kinect-Clothes\Clothes\Debug\mt.write.1.tlog
C:\USERS\FREDRIK\DOCUMENTS\KINECT\KINECT-CLOTHES\CLOTHES\DEBUG\OUTFIT.OBJ
C:\USERS\FREDRIK\DOCUMENTS\KINECT\KINECT-CLOTHES\CLOTHES\DEBUG\SKELETONJELLY.OBJ
C:\USERS\FREDRIK\DOCUMENTS\KINECT\KINECT-CLOTHES\CLOTHES\DEBUG\USERCONTROLLER.OBJ
C:\Users\Fredrik\Documents\kinect\Kinect-Clothes\Clothes\Debug\vc100.idb
C:\USERS\FREDRIK\DOCUMENTS\KINECT\KINECT-CLOTHES\CLOTHES\DEBUG\VC100.PDB
Z:\TMP\KINECT-CLOTHES\CLOTHES\DEBUG\GARMENT.OBJ
Z:\TMP\KINECT-CLOTHES\CLOTHES\DEBUG\MAIN.OBJ
Z:\TMP\KINECT-CLOTHES\CLOTHES\DEBUG\SKELETONJELLY.OBJ
Z:\TMP\KINECT-CLOTHES\CLOTHES\DEBUG\VC100.PDB
