C:\DOCUMENTS AND SETTINGS\ADMINISTRATOR.FSTO-FE1D070F89\MY DOCUMENTS\VISUAL STUDIO 2010\PROJECTS\TANOKU-SKELETONJELLY-7EF6F70\DEBUG\POSITION.EXE
C:\DOCUMENTS AND SETTINGS\ADMINISTRATOR.FSTO-FE1D070F89\MY DOCUMENTS\VISUAL STUDIO 2010\PROJECTS\TANOKU-SKELETONJELLY-7EF6F70\DEBUG\POSITION.ILK
C:\DOCUMENTS AND SETTINGS\ADMINISTRATOR.FSTO-FE1D070F89\MY DOCUMENTS\VISUAL STUDIO 2010\PROJECTS\TANOKU-SKELETONJELLY-7EF6F70\DEBUG\POSITION.PDB
C:\DOCUMENTS AND SETTINGS\ADMINISTRATOR.FSTO-FE1D070F89\MY DOCUMENTS\VISUAL STUDIO 2010\PROJECTS\TANOKU-SKELETONJELLY-7EF6F70\EXAMPLES\POSITION\DEBUG\MAIN.OBJ
C:\DOCUMENTS AND SETTINGS\ADMINISTRATOR.FSTO-FE1D070F89\MY DOCUMENTS\VISUAL STUDIO 2010\PROJECTS\TANOKU-SKELETONJELLY-7EF6F70\EXAMPLES\POSITION\DEBUG\POSITION.EXE.INTERMEDIATE.MANIFEST
C:\DOCUMENTS AND SETTINGS\ADMINISTRATOR.FSTO-FE1D070F89\MY DOCUMENTS\VISUAL STUDIO 2010\PROJECTS\TANOKU-SKELETONJELLY-7EF6F70\EXAMPLES\POSITION\DEBUG\SKELETONJELLY.OBJ
C:\DOCUMENTS AND SETTINGS\ADMINISTRATOR.FSTO-FE1D070F89\MY DOCUMENTS\VISUAL STUDIO 2010\PROJECTS\TANOKU-SKELETONJELLY-7EF6F70\EXAMPLES\POSITION\DEBUG\VC100.PDB
C:\USERS\FREDRIK\DOCUMENTS\KINECT\KINECT-CLOTHES\TANOKU-SKELETONJELLY-7EF6F70\DEBUG\POSITION.EXE
C:\USERS\FREDRIK\DOCUMENTS\KINECT\KINECT-CLOTHES\TANOKU-SKELETONJELLY-7EF6F70\DEBUG\POSITION.ILK
C:\USERS\FREDRIK\DOCUMENTS\KINECT\KINECT-CLOTHES\TANOKU-SKELETONJELLY-7EF6F70\DEBUG\POSITION.PDB
C:\Users\Fredrik\Documents\kinect\Kinect-Clothes\tanoku-SkeletonJelly-7ef6f70\examples\position\Debug\cl.command.1.tlog
C:\Users\Fredrik\Documents\kinect\Kinect-Clothes\tanoku-SkeletonJelly-7ef6f70\examples\position\Debug\CL.read.1.tlog
C:\Users\Fredrik\Documents\kinect\Kinect-Clothes\tanoku-SkeletonJelly-7ef6f70\examples\position\Debug\CL.write.1.tlog
C:\Users\Fredrik\Documents\kinect\Kinect-Clothes\tanoku-SkeletonJelly-7ef6f70\examples\position\Debug\link.command.1.tlog
C:\Users\Fredrik\Documents\kinect\Kinect-Clothes\tanoku-SkeletonJelly-7ef6f70\examples\position\Debug\link.read.1.tlog
C:\Users\Fredrik\Documents\kinect\Kinect-Clothes\tanoku-SkeletonJelly-7ef6f70\examples\position\Debug\link.write.1.tlog
C:\USERS\FREDRIK\DOCUMENTS\KINECT\KINECT-CLOTHES\TANOKU-SKELETONJELLY-7EF6F70\EXAMPLES\POSITION\DEBUG\MAIN.OBJ
C:\Users\Fredrik\Documents\kinect\Kinect-Clothes\tanoku-SkeletonJelly-7ef6f70\examples\position\Debug\mt.command.1.tlog
C:\Users\Fredrik\Documents\kinect\Kinect-Clothes\tanoku-SkeletonJelly-7ef6f70\examples\position\Debug\mt.read.1.tlog
C:\Users\Fredrik\Documents\kinect\Kinect-Clothes\tanoku-SkeletonJelly-7ef6f70\examples\position\Debug\mt.write.1.tlog
C:\USERS\FREDRIK\DOCUMENTS\KINECT\KINECT-CLOTHES\TANOKU-SKELETONJELLY-7EF6F70\EXAMPLES\POSITION\DEBUG\POSITION.EXE.INTERMEDIATE.MANIFEST
C:\USERS\FREDRIK\DOCUMENTS\KINECT\KINECT-CLOTHES\TANOKU-SKELETONJELLY-7EF6F70\EXAMPLES\POSITION\DEBUG\SKELETONJELLY.OBJ
C:\Users\Fredrik\Documents\kinect\Kinect-Clothes\tanoku-SkeletonJelly-7ef6f70\examples\position\Debug\vc100.idb
C:\USERS\FREDRIK\DOCUMENTS\KINECT\KINECT-CLOTHES\TANOKU-SKELETONJELLY-7EF6F70\EXAMPLES\POSITION\DEBUG\VC100.PDB
