Build started 3/3/2011 3:16:22 PM.
Project "\\vmware-host\Shared Folders\tmp\kinect-clothes\Samples\NiCRead\NiCRead_2010.vcxproj" on node 2 (build target(s)).
InitializeBuildStatus:
  Touching "Debug\NiCRead.unsuccessfulbuild".
ClCompile:
  All outputs are up-to-date.
ResourceCompile:
  All outputs are up-to-date.
ManifestResourceCompile:
  All outputs are up-to-date.
Link:
  All outputs are up-to-date.
Manifest:
  All outputs are up-to-date.
FinalizeBuildStatus:
  Deleting file "Debug\NiCRead.unsuccessfulbuild".
  Touching "Debug\NiCRead.lastbuildstate".
Done Building Project "\\vmware-host\Shared Folders\tmp\kinect-clothes\Samples\NiCRead\NiCRead_2010.vcxproj" (build target(s)).

Build succeeded.

Time Elapsed 00:00:00.59
