../Bin/Debug\NiSimpleViewer.ilk
../Bin/Debug\NiSimpleViewer.pdb
C:\USERS\FREDRIK\DOCUMENTS\KINECT\KINECT-CLOTHES\SAMPLES\BIN\DEBUG\NISIMPLEVIEWER.EXE
C:\USERS\FREDRIK\DOCUMENTS\KINECT\KINECT-CLOTHES\SAMPLES\BIN\DEBUG\NISIMPLEVIEWER.ILK
C:\USERS\FREDRIK\DOCUMENTS\KINECT\KINECT-CLOTHES\SAMPLES\BIN\DEBUG\NISIMPLEVIEWER.PDB
C:\Users\Fredrik\Documents\kinect\Kinect-Clothes\Samples\NiSimpleViewer\../Bin/Debug\NiSimpleViewer.exe
C:\Users\Fredrik\Documents\kinect\Kinect-Clothes\Samples\NiSimpleViewer\Debug\cl.command.1.tlog
C:\Users\Fredrik\Documents\kinect\Kinect-Clothes\Samples\NiSimpleViewer\Debug\CL.read.1.tlog
C:\Users\Fredrik\Documents\kinect\Kinect-Clothes\Samples\NiSimpleViewer\Debug\CL.write.1.tlog
C:\Users\Fredrik\Documents\kinect\Kinect-Clothes\Samples\NiSimpleViewer\Debug\link.command.1.tlog
C:\Users\Fredrik\Documents\kinect\Kinect-Clothes\Samples\NiSimpleViewer\Debug\link.read.1.tlog
C:\Users\Fredrik\Documents\kinect\Kinect-Clothes\Samples\NiSimpleViewer\Debug\link.write.1.tlog
C:\Users\Fredrik\Documents\kinect\Kinect-Clothes\Samples\NiSimpleViewer\Debug\link-cvtres.read.1.tlog
C:\Users\Fredrik\Documents\kinect\Kinect-Clothes\Samples\NiSimpleViewer\Debug\link-cvtres.write.1.tlog
C:\Users\Fredrik\Documents\kinect\Kinect-Clothes\Samples\NiSimpleViewer\Debug\mt.command.1.tlog
C:\Users\Fredrik\Documents\kinect\Kinect-Clothes\Samples\NiSimpleViewer\Debug\mt.read.1.tlog
C:\Users\Fredrik\Documents\kinect\Kinect-Clothes\Samples\NiSimpleViewer\Debug\mt.write.1.tlog
C:\USERS\FREDRIK\DOCUMENTS\KINECT\KINECT-CLOTHES\SAMPLES\NISIMPLEVIEWER\DEBUG\NISIMPLEVIEWER.EXE.EMBED.MANIFEST
C:\USERS\FREDRIK\DOCUMENTS\KINECT\KINECT-CLOTHES\SAMPLES\NISIMPLEVIEWER\DEBUG\NISIMPLEVIEWER.EXE.EMBED.MANIFEST.RES
C:\USERS\FREDRIK\DOCUMENTS\KINECT\KINECT-CLOTHES\SAMPLES\NISIMPLEVIEWER\DEBUG\NISIMPLEVIEWER.EXE.INTERMEDIATE.MANIFEST
C:\USERS\FREDRIK\DOCUMENTS\KINECT\KINECT-CLOTHES\SAMPLES\NISIMPLEVIEWER\DEBUG\NISIMPLEVIEWER.OBJ
C:\Users\Fredrik\Documents\kinect\Kinect-Clothes\Samples\NiSimpleViewer\Debug\NiSimpleViewer_manifest.rc
C:\USERS\FREDRIK\DOCUMENTS\KINECT\KINECT-CLOTHES\SAMPLES\NISIMPLEVIEWER\DEBUG\OPENNI.RES
C:\Users\Fredrik\Documents\kinect\Kinect-Clothes\Samples\NiSimpleViewer\Debug\rc.command.1.tlog
C:\Users\Fredrik\Documents\kinect\Kinect-Clothes\Samples\NiSimpleViewer\Debug\rc.read.1.tlog
C:\Users\Fredrik\Documents\kinect\Kinect-Clothes\Samples\NiSimpleViewer\Debug\rc.write.1.tlog
C:\Users\Fredrik\Documents\kinect\Kinect-Clothes\Samples\NiSimpleViewer\Debug\SamplesConfig.xml
C:\Users\Fredrik\Documents\kinect\Kinect-Clothes\Samples\NiSimpleViewer\Debug\vc100.idb
C:\USERS\FREDRIK\DOCUMENTS\KINECT\KINECT-CLOTHES\SAMPLES\NISIMPLEVIEWER\DEBUG\VC100.PDB
