../Bin/Release\NiUserTracker.pdb
\\VMWARE-HOST\SHARED FOLDERS\TMP\KINECT-CLOTHES\SAMPLES\BIN\RELEASE\NIUSERTRACKER.EXE
\\VMWARE-HOST\SHARED FOLDERS\TMP\KINECT-CLOTHES\SAMPLES\BIN\RELEASE\NIUSERTRACKER.PDB
\\VMWARE-HOST\SHARED FOLDERS\TMP\KINECT-CLOTHES\SAMPLES\NIUSERTRACKER\RELEASE\MAIN.OBJ
\\VMWARE-HOST\SHARED FOLDERS\TMP\KINECT-CLOTHES\SAMPLES\NIUSERTRACKER\RELEASE\NIUSERTRACKER.EXE.INTERMEDIATE.MANIFEST
\\VMWARE-HOST\SHARED FOLDERS\TMP\KINECT-CLOTHES\SAMPLES\NIUSERTRACKER\RELEASE\OPENNI.RES
\\VMWARE-HOST\SHARED FOLDERS\TMP\KINECT-CLOTHES\SAMPLES\NIUSERTRACKER\RELEASE\SCENEDRAWER.OBJ
\\VMWARE-HOST\SHARED FOLDERS\TMP\KINECT-CLOTHES\SAMPLES\NIUSERTRACKER\RELEASE\VC100.PDB
C:\DOCUMENTS AND SETTINGS\ADMINISTRATOR.FSTO-FE1D070F89\MY DOCUMENTS\VISUAL STUDIO 2010\PROJECTS\KINECT-CLOTHES\SAMPLES\BIN\RELEASE\NIUSERTRACKER.EXE
C:\DOCUMENTS AND SETTINGS\ADMINISTRATOR.FSTO-FE1D070F89\MY DOCUMENTS\VISUAL STUDIO 2010\PROJECTS\KINECT-CLOTHES\SAMPLES\BIN\RELEASE\NIUSERTRACKER.PDB
C:\Documents and Settings\Administrator.FSTO-FE1D070F89\My Documents\Visual Studio 2010\Projects\kinect-clothes\Samples\NiUserTracker\../Bin/Release\NiUserTracker.exe
C:\Documents and Settings\Administrator.FSTO-FE1D070F89\My Documents\Visual Studio 2010\Projects\kinect-clothes\Samples\NiUserTracker\Release\cl.command.1.tlog
C:\Documents and Settings\Administrator.FSTO-FE1D070F89\My Documents\Visual Studio 2010\Projects\kinect-clothes\Samples\NiUserTracker\Release\CL.read.1.tlog
C:\Documents and Settings\Administrator.FSTO-FE1D070F89\My Documents\Visual Studio 2010\Projects\kinect-clothes\Samples\NiUserTracker\Release\CL.write.1.tlog
C:\Documents and Settings\Administrator.FSTO-FE1D070F89\My Documents\Visual Studio 2010\Projects\kinect-clothes\Samples\NiUserTracker\Release\link.command.1.tlog
C:\Documents and Settings\Administrator.FSTO-FE1D070F89\My Documents\Visual Studio 2010\Projects\kinect-clothes\Samples\NiUserTracker\Release\link.read.1.tlog
C:\Documents and Settings\Administrator.FSTO-FE1D070F89\My Documents\Visual Studio 2010\Projects\kinect-clothes\Samples\NiUserTracker\Release\link.write.1.tlog
C:\Documents and Settings\Administrator.FSTO-FE1D070F89\My Documents\Visual Studio 2010\Projects\kinect-clothes\Samples\NiUserTracker\Release\link-cvtres.read.1.tlog
C:\Documents and Settings\Administrator.FSTO-FE1D070F89\My Documents\Visual Studio 2010\Projects\kinect-clothes\Samples\NiUserTracker\Release\link-cvtres.write.1.tlog
C:\DOCUMENTS AND SETTINGS\ADMINISTRATOR.FSTO-FE1D070F89\MY DOCUMENTS\VISUAL STUDIO 2010\PROJECTS\KINECT-CLOTHES\SAMPLES\NIUSERTRACKER\RELEASE\MAIN.OBJ
C:\Documents and Settings\Administrator.FSTO-FE1D070F89\My Documents\Visual Studio 2010\Projects\kinect-clothes\Samples\NiUserTracker\Release\mt.command.1.tlog
C:\Documents and Settings\Administrator.FSTO-FE1D070F89\My Documents\Visual Studio 2010\Projects\kinect-clothes\Samples\NiUserTracker\Release\mt.read.1.tlog
C:\Documents and Settings\Administrator.FSTO-FE1D070F89\My Documents\Visual Studio 2010\Projects\kinect-clothes\Samples\NiUserTracker\Release\mt.write.1.tlog
C:\DOCUMENTS AND SETTINGS\ADMINISTRATOR.FSTO-FE1D070F89\MY DOCUMENTS\VISUAL STUDIO 2010\PROJECTS\KINECT-CLOTHES\SAMPLES\NIUSERTRACKER\RELEASE\NIUSERTRACKER.EXE.INTERMEDIATE.MANIFEST
C:\DOCUMENTS AND SETTINGS\ADMINISTRATOR.FSTO-FE1D070F89\MY DOCUMENTS\VISUAL STUDIO 2010\PROJECTS\KINECT-CLOTHES\SAMPLES\NIUSERTRACKER\RELEASE\OPENNI.RES
C:\Documents and Settings\Administrator.FSTO-FE1D070F89\My Documents\Visual Studio 2010\Projects\kinect-clothes\Samples\NiUserTracker\Release\rc.command.1.tlog
C:\Documents and Settings\Administrator.FSTO-FE1D070F89\My Documents\Visual Studio 2010\Projects\kinect-clothes\Samples\NiUserTracker\Release\rc.read.1.tlog
C:\Documents and Settings\Administrator.FSTO-FE1D070F89\My Documents\Visual Studio 2010\Projects\kinect-clothes\Samples\NiUserTracker\Release\rc.write.1.tlog
C:\DOCUMENTS AND SETTINGS\ADMINISTRATOR.FSTO-FE1D070F89\MY DOCUMENTS\VISUAL STUDIO 2010\PROJECTS\KINECT-CLOTHES\SAMPLES\NIUSERTRACKER\RELEASE\SCENEDRAWER.OBJ
C:\DOCUMENTS AND SETTINGS\ADMINISTRATOR.FSTO-FE1D070F89\MY DOCUMENTS\VISUAL STUDIO 2010\PROJECTS\KINECT-CLOTHES\SAMPLES\NIUSERTRACKER\RELEASE\VC100.PDB
C:\Documents and Settings\Administrator.FSTO-FE1D070F89\My Documents\Visual Studio 2010\Projects\kinect-clothes\Samples\NiUserTracker\Release\vc90.idb
C:\Documents and Settings\Administrator.FSTO-FE1D070F89\My Documents\Visual Studio 2010\Projects\kinect-clothes\Samples\NiUserTracker\Release\vc90.pdb
