Build started 3/7/2011 1:13:57 PM.
     1>Project "C:\Users\Fredrik\Documents\kinect\Kinect-Clothes\Samples\NiUserTracker\NiUserTracker_2010.vcxproj" on node 2 (build target(s)).
     1>InitializeBuildStatus:
         Creating "Release\NiUserTracker.unsuccessfulbuild" because "AlwaysCreate" was specified.
       ClCompile:
         C:\Program Files (x86)\Microsoft Visual Studio 10.0\VC\bin\CL.exe /c /I../../Include /I../../Samples/NiUserTracker /Zi /nologo /W3 /WX- /O2 /Oi /Oy- /GL /D WIN32 /D NDEBUG /D _CONSOLE /D _UNICODE /D UNICODE /Gm- /EHsc /MD /GS /Gy /fp:precise /Zc:wchar_t /Zc:forScope /Fo"Release\\" /Fd"Release\vc100.pdb" /Gd /TP /analyze- /errorReport:prompt main.cpp SceneDrawer.cpp
         main.cpp
         SceneDrawer.cpp
       ResourceCompile:
         C:\Program Files (x86)\Microsoft SDKs\Windows\v7.0A\bin\rc.exe /D _UNICODE /D UNICODE /l"0x0409" /I..\..\Include /nologo /fo"Release\OpenNI.res" ..\Res\OpenNI.rc 
       Link:
         C:\Program Files (x86)\Microsoft Visual Studio 10.0\VC\bin\link.exe /ERRORREPORT:PROMPT /OUT:"../Bin/Release\NiUserTracker.exe" /INCREMENTAL:NO /NOLOGO /LIBPATH:../../Lib/Release /LIBPATH:../../Lib/ /LIBPATH:../../Samples/NiUserTracker/Libs openNI.lib glut32.lib kernel32.lib user32.lib gdi32.lib winspool.lib comdlg32.lib advapi32.lib shell32.lib ole32.lib oleaut32.lib uuid.lib odbc32.lib odbccp32.lib /MANIFEST /ManifestFile:"Release\NiUserTracker.exe.intermediate.manifest" /MANIFESTUAC:"level='asInvoker' uiAccess='false'" /DEBUG /PDB:"../Bin/Release/NiUserTracker.pdb" /SUBSYSTEM:CONSOLE /OPT:REF /OPT:ICF /LTCG /TLBID:1 /DYNAMICBASE /NXCOMPAT /IMPLIB:"../Bin/Release\NiUserTracker.lib" /MACHINE:X86 Release\OpenNI.res
         Release\main.obj
         Release\SceneDrawer.obj
         Generating code
         Finished generating code
         NiUserTracker_2010.vcxproj -> C:\Users\Fredrik\Documents\kinect\Kinect-Clothes\Samples\NiUserTracker\../Bin/Release\NiUserTracker.exe
       Manifest:
         C:\Program Files (x86)\Microsoft SDKs\Windows\v7.0A\bin\mt.exe /nologo /verbose /outputresource:"../Bin/Release\NiUserTracker.exe;#1" /manifest Release\NiUserTracker.exe.intermediate.manifest
       FinalizeBuildStatus:
         Deleting file "Release\NiUserTracker.unsuccessfulbuild".
         Touching "Release\NiUserTracker.lastbuildstate".
     1>Done Building Project "C:\Users\Fredrik\Documents\kinect\Kinect-Clothes\Samples\NiUserTracker\NiUserTracker_2010.vcxproj" (build target(s)).

Build succeeded.

Time Elapsed 00:00:07.51
